<?xml version="1.0" encoding="UTF-8"?>
<testsuite xmlns:xsi="http://www.w3.org/2001/XMLSchema-instance" xsi:noNamespaceSchemaLocation="https://maven.apache.org/surefire/maven-surefire-plugin/xsd/surefire-test-report.xsd" name="org.testing.JUnitAssumptionsTest" time="0.056" tests="4" errors="0" skipped="0" failures="0">
  <properties>
[...]
</properties>
  <testcase name="simpleTest" classname="org.testing.JUnitAssumptionsTest" time="0"/>
  <testcase name="paramTest{String}[1]" classname="org.testing.JUnitAssumptionsTest" time="0.031"/>
  <testcase name="paramTest{String}[2]" classname="org.testing.JUnitAssumptionsTest" time="0.001"/>
  <testcase name="paramTest{String}[3]" classname="org.testing.JUnitAssumptionsTest" time="0.001"/>
</testsuite>